2017-08-30 20:42:42.779 ERROR 10712 --- [main] o.s.b.l.LoggingApplicationListener       : Cannot set level: security:DEBUG for 'org.springframework'
2017-08-30 20:42:42.984  INFO 10712 --- [main] c.s.ssm.SsmspringbootApplication         : Starting SsmspringbootApplication on thinkpad-x240-xl with PID 10712 (E:\workspace\STSWorkspace\ssmspringboot\target\classes started by sihua in E:\workspace\STSWorkspace\ssmspringboot)
2017-08-30 20:42:42.985  INFO 10712 --- [main] c.s.ssm.SsmspringbootApplication         : No active profile set, falling back to default profiles: default
2017-08-30 20:42:43.134  INFO 10712 --- [main] ationConfigEmbeddedWebApplicationContext : Refreshing org.springframework.boot.context.embedded.AnnotationConfigEmbeddedWebApplicationContext@2a67e50f: startup date [Wed Aug 30 20:42:43 CST 2017]; root of context hierarchy
2017-08-30 20:42:47.580  INFO 10712 --- [main] s.b.c.e.t.TomcatEmbeddedServletContainer : Tomcat initialized with port(s): 8099 (http)
2017-08-30 20:42:47.638  INFO 10712 --- [main] o.apache.catalina.core.StandardService   : Starting service [Tomcat]
2017-08-30 20:42:47.648  INFO 10712 --- [main] org.apache.catalina.core.StandardEngine  : Starting Servlet Engine: Apache Tomcat/8.5.16
2017-08-30 20:42:48.223  INFO 10712 --- [localhost-startStop-1] o.a.c.c.C.[Tomcat].[localhost].[/]       : Initializing Spring embedded WebApplicationContext
2017-08-30 20:42:48.233  INFO 10712 --- [localhost-startStop-1] o.s.web.context.ContextLoader            : Root WebApplicationContext: initialization completed in 5104 ms
2017-08-30 20:42:49.017  INFO 10712 --- [localhost-startStop-1] o.s.b.w.servlet.ServletRegistrationBean  : Mapping servlet: 'dispatcherServlet' to [/]
2017-08-30 20:42:49.056  INFO 10712 --- [localhost-startStop-1] o.s.b.w.servlet.FilterRegistrationBean   : Mapping filter: 'characterEncodingFilter' to: [/*]
2017-08-30 20:42:49.057  INFO 10712 --- [localhost-startStop-1] o.s.b.w.servlet.FilterRegistrationBean   : Mapping filter: 'hiddenHttpMethodFilter' to: [/*]
2017-08-30 20:42:49.058  INFO 10712 --- [localhost-startStop-1] o.s.b.w.servlet.FilterRegistrationBean   : Mapping filter: 'httpPutFormContentFilter' to: [/*]
2017-08-30 20:42:49.059  INFO 10712 --- [localhost-startStop-1] o.s.b.w.servlet.FilterRegistrationBean   : Mapping filter: 'requestContextFilter' to: [/*]
2017-08-30 20:42:51.348  INFO 10712 --- [main] s.w.s.m.m.a.RequestMappingHandlerAdapter : Looking for @ControllerAdvice: org.springframework.boot.context.embedded.AnnotationConfigEmbeddedWebApplicationContext@2a67e50f: startup date [Wed Aug 30 20:42:43 CST 2017]; root of context hierarchy
2017-08-30 20:42:51.513  INFO 10712 --- [main] s.w.s.m.m.a.RequestMappingHandlerMapping : Mapped "{[/{id}]}" onto public com.sihuatech.ssm.model.Person com.sihuatech.ssm.controller.PersonController.findPersonById(java.lang.Long)
2017-08-30 20:42:51.533  INFO 10712 --- [main] s.w.s.m.m.a.RequestMappingHandlerMapping : Mapped "{[/error]}" onto public org.springframework.http.ResponseEntity<java.util.Map<java.lang.String, java.lang.Object>> org.springframework.boot.autoconfigure.web.BasicErrorController.error(javax.servlet.http.HttpServletRequest)
2017-08-30 20:42:51.534  INFO 10712 --- [main] s.w.s.m.m.a.RequestMappingHandlerMapping : Mapped "{[/error],produces=[text/html]}" onto public org.springframework.web.servlet.ModelAndView org.springframework.boot.autoconfigure.web.BasicErrorController.errorHtml(javax.servlet.http.HttpServletRequest,javax.servlet.http.HttpServletResponse)
2017-08-30 20:42:51.677  INFO 10712 --- [main] o.s.w.s.handler.SimpleUrlHandlerMapping  : Mapped URL path [/webjars/**] onto handler of type [class org.springframework.web.servlet.resource.ResourceHttpRequestHandler]
2017-08-30 20:42:51.678  INFO 10712 --- [main] o.s.w.s.handler.SimpleUrlHandlerMapping  : Mapped URL path [/**] onto handler of type [class org.springframework.web.servlet.resource.ResourceHttpRequestHandler]
2017-08-30 20:42:51.835  INFO 10712 --- [main] o.s.w.s.handler.SimpleUrlHandlerMapping  : Mapped URL path [/**/favicon.ico] onto handler of type [class org.springframework.web.servlet.resource.ResourceHttpRequestHandler]
2017-08-30 20:42:52.833  INFO 10712 --- [main] o.s.j.e.a.AnnotationMBeanExporter        : Registering beans for JMX exposure on startup
2017-08-30 20:42:53.339  INFO 10712 --- [main] s.b.c.e.t.TomcatEmbeddedServletContainer : Tomcat started on port(s): 8099 (http)
2017-08-30 20:42:53.352  INFO 10712 --- [main] c.s.ssm.SsmspringbootApplication         : Started SsmspringbootApplication in 11.278 seconds (JVM running for 12.168)
2017-08-30 20:43:02.693  INFO 10712 --- [http-nio-8099-exec-1] o.a.c.c.C.[Tomcat].[localhost].[/]       : Initializing Spring FrameworkServlet 'dispatcherServlet'
2017-08-30 20:43:02.693  INFO 10712 --- [http-nio-8099-exec-1] o.s.web.servlet.DispatcherServlet        : FrameworkServlet 'dispatcherServlet': initialization started
2017-08-30 20:43:02.748  INFO 10712 --- [http-nio-8099-exec-1] o.s.web.servlet.DispatcherServlet        : FrameworkServlet 'dispatcherServlet': initialization completed in 53 ms
